[debug] [2017-08-09T20:31:46.937Z] ----------------------------------------------------------------------
[debug] [2017-08-09T20:31:46.942Z] Command:       /usr/local/bin/node /usr/local/bin/firebase serve
[debug] [2017-08-09T20:31:46.943Z] CLI Version:   3.9.2
[debug] [2017-08-09T20:31:46.943Z] Platform:      darwin
[debug] [2017-08-09T20:31:46.943Z] Node Version:  v6.11.2
[debug] [2017-08-09T20:31:46.944Z] Time:          Wed Aug 09 2017 15:31:46 GMT-0500 (CDT)
[debug] [2017-08-09T20:31:46.944Z] ----------------------------------------------------------------------
[debug] 
[debug] [2017-08-09T20:31:47.012Z] > command requires scopes: ["email","openid","https://www.googleapis.com/auth/cloudplatformprojects.readonly","https://www.googleapis.com/auth/firebase","https://www.googleapis.com/auth/cloud-platform"]
[debug] [2017-08-09T20:31:47.012Z] > authorizing via signed-in user
[debug] [2017-08-09T20:31:47.015Z] > refreshing access token with scopes: ["email","https://www.googleapis.com/auth/cloud-platform","https://www.googleapis.com/auth/cloudplatformprojects.readonly","https://www.googleapis.com/auth/firebase","openid"]
[debug] [2017-08-09T20:31:47.016Z] >>> HTTP REQUEST POST https://www.googleapis.com/oauth2/v3/token { refresh_token: '1/QjMjYadEJ_Dn3AwCkG_aM9FFCHJDwftKEVtrie-X_A0',
  client_id: '563584335869-fgrhgmd47bqnekij5i8b5pr03ho849e6.apps.googleusercontent.com',
  client_secret: 'j9iVZfS8kkCEFUPaAeJV0sAi',
  grant_type: 'refresh_token',
  scope: 'email https://www.googleapis.com/auth/cloud-platform https://www.googleapis.com/auth/cloudplatformprojects.readonly https://www.googleapis.com/auth/firebase openid' } 
 Wed Aug 09 2017 15:31:47 GMT-0500 (CDT)
[debug] [2017-08-09T20:31:47.356Z] <<< HTTP RESPONSE 200
[debug] [2017-08-09T20:31:47.430Z] >>> HTTP REQUEST GET https://admin.firebase.com/v1/projects/groupproject1-4b4d1  
 Wed Aug 09 2017 15:31:47 GMT-0500 (CDT)
[debug] [2017-08-09T20:31:49.540Z] <<< HTTP RESPONSE 200
[debug] [2017-08-09T20:31:49.542Z] >>> HTTP REQUEST GET https://admin.firebase.com/v1/database/groupproject1-4b4d1/tokens  
 Wed Aug 09 2017 15:31:49 GMT-0500 (CDT)
[debug] [2017-08-09T20:31:49.828Z] <<< HTTP RESPONSE 200
[info] 
[info] === Serving from '/Users/welldonecc/Desktop/UTCBC/Project1/HCB-Project-1'...
[info] 
[debug] [2017-08-09T20:31:49.835Z] >>> HTTP REQUEST GET https://cloudresourcemanager.googleapis.com/v1/projects/groupproject1-4b4d1  
 Wed Aug 09 2017 15:31:49 GMT-0500 (CDT)
[debug] [2017-08-09T20:31:50.370Z] <<< HTTP RESPONSE 200
[debug] [2017-08-09T20:31:50.371Z] >>> HTTP REQUEST GET https://mobilesdk-pa.googleapis.com/v1/projects/345420353976/clients/_:getWebAppConfig  
 Wed Aug 09 2017 15:31:50 GMT-0500 (CDT)
[debug] [2017-08-09T20:31:50.981Z] <<< HTTP RESPONSE 200
[debug] [2017-08-09T20:31:51.122Z] TypeError: Cannot read property 'public' of undefined
    at Server.<anonymous> (/usr/local/lib/node_modules/firebase-tools/lib/serve/hosting.js:34:17)
    at Server.g (events.js:292:16)
    at emitNone (events.js:86:13)
    at Server.emit (events.js:185:7)
    at emitListeningNT (net.js:1284:10)
    at _combinedTickCallback (internal/process/next_tick.js:77:11)
    at process._tickCallback (internal/process/next_tick.js:104:9)
[error] 
[error] Error: An unexpected error has occurred.
